[    0.000000] Linux version 4.15.0-143-generic (buildd@lcy01-amd64-001) (gcc version 7.5.0 (Ubuntu 7.5.0-3ubuntu1~18.04)) #147-Ubuntu SMP Wed Apr 14 16:10:11 UTC 2021 (Ubuntu 4.15.0-143.147-generic 4.15.18)
[    0.000000] Command line: BOOT_IMAGE=/boot/vmlinuz-4.15.0-143-generic root=LABEL=cloudimg-rootfs ro console=tty1 console=ttyS0
[    0.000000] KERNEL supported cpus:
[    0.000000]   Intel GenuineIntel
[    0.000000]   AMD AuthenticAMD
[    0.000000]   Centaur CentaurHauls
[    0.000000] [Firmware Bug]: TSC doesn't count with P0 frequency!
[    0.000000] random: get_random_u32 called from bsp_init_amd+0x207/0x2c0 with crng_init=0
[    0.000000] x86/fpu: Supporting XSAVE feature 0x001: 'x87 floating point registers'
[    0.000000] x86/fpu: Supporting XSAVE feature 0x002: 'SSE registers'
[    0.000000] x86/fpu: Supporting XSAVE feature 0x004: 'AVX registers'
[    0.000000] x86/fpu: xstate_offset[2]:  576, xstate_sizes[2]:  256
[    0.000000] x86/fpu: Enabled xstate features 0x7, context size is 832 bytes, using 'standard' format.
[    0.000000] e820: BIOS-provided physical RAM map:
[    0.000000] BIOS-e820: [mem 0x0000000000000000-0x000000000009fbff] usable
[    0.000000] BIOS-e820: [mem 0x000000000009fc00-0x000000000009ffff] reserved
[    0.000000] BIOS-e820: [mem 0x00000000000f0000-0x00000000000fffff] reserved
[    0.000000] BIOS-e820: [mem 0x0000000000100000-0x000000007ffeffff] usable
[    0.000000] BIOS-e820: [mem 0x000000007fff0000-0x000000007fffffff] ACPI data
[    0.000000] BIOS-e820: [mem 0x00000000fec00000-0x00000000fec00fff] reserved
[    0.000000] BIOS-e820: [mem 0x00000000fee00000-0x00000000fee00fff] reserved
[    0.000000] BIOS-e820: [mem 0x00000000fffc0000-0x00000000ffffffff] reserved
[    0.000000] NX (Execute Disable) protection: active
[    0.000000] SMBIOS 2.5 present.
[    0.000000] DMI: innotek GmbH VirtualBox/VirtualBox, BIOS VirtualBox 12/01/2006
[    0.000000] Hypervisor detected: KVM
[    0.000000] AGP: No AGP bridge found
[    0.000000] e820: last_pfn = 0x7fff0 max_arch_pfn = 0x400000000
[    0.000000] MTRR: Disabled
[    0.000000] x86/PAT: MTRRs disabled, skipping PAT initialization too.
[    0.000000] CPU MTRRs all blank - virtualized system.
[    0.000000] x86/PAT: Configuration [0-7]: WB  WT  UC- UC  WB  WT  UC- UC  
[    0.000000] found SMP MP-table at [mem 0x0009fff0-0x0009ffff]
[    0.000000] Scanning 1 areas for low memory corruption
[    0.000000] RAMDISK: [mem 0x359d3000-0x36ce0fff]
[    0.000000] ACPI: Early table checksum verification disabled
[    0.000000] ACPI: RSDP 0x00000000000E0000 000024 (v02 VBOX  )
[    0.000000] ACPI: XSDT 0x000000007FFF0030 00003C (v01 VBOX   VBOXXSDT 00000001 ASL  00000061)
[    0.000000] ACPI: FACP 0x000000007FFF00F0 0000F4 (v04 VBOX   VBOXFACP 00000001 ASL  00000061)
[    0.000000] ACPI: DSDT 0x000000007FFF0470 002325 (v02 VBOX   VBOXBIOS 00000002 INTL 20190509)
[    0.000000] ACPI: FACS 0x000000007FFF0200 000040
[    0.000000] ACPI: FACS 0x000000007FFF0200 000040
[    0.000000] ACPI: APIC 0x000000007FFF0240 00005C (v02 VBOX   VBOXAPIC 00000001 ASL  00000061)
[    0.000000] ACPI: SSDT 0x000000007FFF02A0 0001CC (v01 VBOX   VBOXCPUT 00000002 INTL 20190509)
[    0.000000] No NUMA configuration found
[    0.000000] Faking a node at [mem 0x0000000000000000-0x000000007ffeffff]
[    0.000000] NODE_DATA(0) allocated [mem 0x7ffc5000-0x7ffeffff]
[    0.000000] kvm-clock: cpu 0, msr 0:7ff44001, primary cpu clock
[    0.000000] kvm-clock: Using msrs 4b564d01 and 4b564d00
[    0.000000] kvm-clock: using sched offset of 4250930619 cycles
[    0.000000] clocksource: kvm-clock: mask: 0xffffffffffffffff max_cycles: 0x1cd42e4dffb, max_idle_ns: 881590591483 ns
[    0.000000] Zone ranges:
[    0.000000]   DMA      [mem 0x0000000000001000-0x0000000000ffffff]
[    0.000000]   DMA32    [mem 0x0000000001000000-0x000000007ffeffff]
[    0.000000]   Normal   empty
[    0.000000]   Device   empty
[    0.000000] Movable zone start for each node
[    0.000000] Early memory node ranges
[    0.000000]   node   0: [mem 0x0000000000001000-0x000000000009efff]
[    0.000000]   node   0: [mem 0x0000000000100000-0x000000007ffeffff]
[    0.000000] Reserved but unavailable: 98 pages
[    0.000000] Initmem setup node 0 [mem 0x0000000000001000-0x000000007ffeffff]
[    0.000000] ACPI: PM-Timer IO Port: 0x4008
[    0.000000] IOAPIC[0]: apic_id 2, version 32, address 0xfec00000, GSI 0-23
[    0.000000] ACPI: INT_SRC_OVR (bus 0 bus_irq 0 global_irq 2 dfl dfl)
[    0.000000] ACPI: INT_SRC_OVR (bus 0 bus_irq 9 global_irq 9 low level)
[    0.000000] Using ACPI (MADT) for SMP configuration information
[    0.000000] smpboot: Allowing 2 CPUs, 0 hotplug CPUs
[    0.000000] PM: Registered nosave memory: [mem 0x00000000-0x00000fff]
[    0.000000] PM: Registered nosave memory: [mem 0x0009f000-0x0009ffff]
[    0.000000] PM: Registered nosave memory: [mem 0x000a0000-0x000effff]
[    0.000000] PM: Registered nosave memory: [mem 0x000f0000-0x000fffff]
[    0.000000] e820: [mem 0x80000000-0xfebfffff] available for PCI devices
[    0.000000] Booting paravirtualized kernel on KVM
[    0.000000] clocksource: refined-jiffies: mask: 0xffffffff max_cycles: 0xffffffff, max_idle_ns: 7645519600211568 ns
[    0.000000] setup_percpu: NR_CPUS:8192 nr_cpumask_bits:2 nr_cpu_ids:2 nr_node_ids:1
[    0.000000] percpu: Embedded 45 pages/cpu s147456 r8192 d28672 u1048576
[    0.000000] PV qspinlock hash table entries: 256 (order: 0, 4096 bytes)
[    0.000000] Built 1 zonelists, mobility grouping on.  Total pages: 515961
[    0.000000] Policy zone: DMA32
[    0.000000] Kernel command line: BOOT_IMAGE=/boot/vmlinuz-4.15.0-143-generic root=LABEL=cloudimg-rootfs ro console=tty1 console=ttyS0
[    0.000000] AGP: Checking aperture...
[    0.000000] AGP: No AGP bridge found
[    0.000000] Memory: 2014920K/2096696K available (12300K kernel code, 2483K rwdata, 4316K rodata, 2444K init, 2724K bss, 81776K reserved, 0K cma-reserved)
[    0.000000] SLUB: HWalign=64, Order=0-3, MinObjects=0, CPUs=2, Nodes=1
[    0.000000] ftrace: allocating 39437 entries in 155 pages
[    0.004000] Hierarchical RCU implementation.
[    0.004000] 	RCU restricting CPUs from NR_CPUS=8192 to nr_cpu_ids=2.
[    0.004000] 	Tasks RCU enabled.
[    0.004000] RCU: Adjusting geometry for rcu_fanout_leaf=16, nr_cpu_ids=2
[    0.004000] NR_IRQS: 524544, nr_irqs: 440, preallocated irqs: 16
[    0.004000] Console: colour VGA+ 80x25
[    0.004000] console [tty1] enabled
[    0.004000] console [ttyS0] enabled
[    0.004000] ACPI: Core revision 20170831
[    0.004000] ACPI: 2 ACPI AML tables successfully acquired and loaded
[    0.004000] APIC: Switch to symmetric I/O mode setup
[    0.004000] x2apic enabled
[    0.004000] Switched APIC routing to physical x2apic.
[    0.004000] ..TIMER: vector=0x30 apic1=0 pin1=2 apic2=-1 pin2=-1
[    0.004000] tsc: Detected 4026.924 MHz processor
[    0.004000] Calibrating delay loop (skipped) preset value.. 8053.84 BogoMIPS (lpj=16107696)
[    0.004000] pid_max: default: 32768 minimum: 301
[    0.004000] Security Framework initialized
[    0.004000] Yama: becoming mindful.
[    0.004000] AppArmor: AppArmor initialized
[    0.004000] Dentry cache hash table entries: 262144 (order: 9, 2097152 bytes)
[    0.004000] Inode-cache hash table entries: 131072 (order: 8, 1048576 bytes)
[    0.004000] Mount-cache hash table entries: 4096 (order: 3, 32768 bytes)
[    0.004000] Mountpoint-cache hash table entries: 4096 (order: 3, 32768 bytes)
[    0.004000] Last level iTLB entries: 4KB 512, 2MB 1024, 4MB 512
[    0.004000] Last level dTLB entries: 4KB 1024, 2MB 1024, 4MB 512, 1GB 0
[    0.004000] Spectre V1 : Mitigation: usercopy/swapgs barriers and __user pointer sanitization
[    0.004000] Spectre V2 : Spectre mitigation: LFENCE not serializing, switching to generic retpoline
[    0.004000] Spectre V2 : Mitigation: Full generic retpoline
[    0.004000] Spectre V2 : Spectre v2 / SpectreRSB mitigation: Filling RSB on context switch
[    0.004000] Speculative Store Bypass: Mitigation: Speculative Store Bypass disabled via prctl and seccomp
[    0.004000] Freeing SMP alternatives memory: 36K
[    0.123229] APIC calibration not consistent with PM-Timer: 119ms instead of 100ms
[    0.124000] APIC delta adjusted to PM-Timer: 6459503 (7701656)
[    0.124062] smpboot: CPU0: AMD FX(tm)-8350 Eight-Core Processor (family: 0x15, model: 0x2, stepping: 0x0)
[    0.125856] Performance Events: PMU not available due to virtualization, using software events only.
[    0.127410] Hierarchical SRCU implementation.
[    0.128434] NMI watchdog: Perf event create on CPU 0 failed with -2
[    0.129546] NMI watchdog: Perf NMI watchdog permanently disabled
[    0.130607] smp: Bringing up secondary CPUs ...
[    0.131537] x86: Booting SMP configuration:
[    0.132004] .... node  #0, CPUs:      #1
[    0.004000] kvm-clock: cpu 1, msr 0:7ff44041, secondary cpu clock
[    0.136031] smp: Brought up 1 node, 2 CPUs
[    0.136975] smpboot: Max logical packages: 1
[    0.137919] smpboot: Total of 2 processors activated (16107.69 BogoMIPS)
[    0.140311] devtmpfs: initialized
[    0.140863] x86/mm: Memory block size: 128MB
[    0.142232] evm: security.selinux
[    0.143046] evm: security.SMACK64
[    0.143856] evm: security.SMACK64EXEC
[    0.144000] evm: security.SMACK64TRANSMUTE
[    0.144000] evm: security.SMACK64MMAP
[    0.144006] evm: security.apparmor
[    0.144789] evm: security.ima
[    0.145423] evm: security.capability
[    0.146113] clocksource: jiffies: mask: 0xffffffff max_cycles: 0xffffffff, max_idle_ns: 7645041785100000 ns
[    0.148023] futex hash table entries: 512 (order: 3, 32768 bytes)
[    0.152070] pinctrl core: initialized pinctrl subsystem
[    0.153533] RTC time: 10:39:13, date: 06/02/21
[    0.153533] NET: Registered protocol family 16
[    0.153533] audit: initializing netlink subsys (disabled)
[    0.156059] audit: type=2000 audit(1622630359.309:1): state=initialized audit_enabled=0 res=1
[    0.160048] cpuidle: using governor ladder
[    0.161121] cpuidle: using governor menu
[    0.164085] ACPI: bus type PCI registered
[    0.165234] acpiphp: ACPI Hot Plug PCI Controller Driver version: 0.5
[    0.166968] PCI: Using configuration type 1 for base access
[    0.168000] PCI: Using configuration type 1 for extended access
[    0.172954] HugeTLB registered 2.00 MiB page size, pre-allocated 0 pages
[    0.176142] ACPI: Added _OSI(Module Device)
[    0.177197] ACPI: Added _OSI(Processor Device)
[    0.178301] ACPI: Added _OSI(3.0 _SCP Extensions)
[    0.179467] ACPI: Added _OSI(Processor Aggregator Device)
[    0.180006] ACPI: Added _OSI(Linux-Dell-Video)
[    0.181120] ACPI: Added _OSI(Linux-Lenovo-NV-HDMI-Audio)
[    0.182380] ACPI: Added _OSI(Linux-HPI-Hybrid-Graphics)
[    0.184363] ACPI: Executed 1 blocks of module-level executable AML code
[    0.190775] ACPI: Interpreter enabled
[    0.191560] ACPI: (supports S0 S5)
[    0.192007] ACPI: Using IOAPIC for interrupt routing
[    0.194053] PCI: Using host bridge windows from ACPI; if necessary, use "pci=nocrs" and report a bug
[    0.196307] ACPI: Enabled 2 GPEs in block 00 to 07
[    0.207034] ACPI: PCI Root Bridge [PCI0] (domain 0000 [bus 00-ff])
[    0.208006] acpi PNP0A03:00: _OSC: OS supports [ExtendedConfig ASPM ClockPM Segments MSI]
[    0.210635] acpi PNP0A03:00: _OSC: platform does not support [PCIeCapability]
[    0.212214] acpi PNP0A03:00: _OSC: not requesting control; platform does not support [PCIeCapability]
[    0.213809] acpi PNP0A03:00: _OSC: OS requested [PCIeHotplug PME AER PCIeCapability]
[    0.215076] acpi PNP0A03:00: _OSC: platform willing to grant [PCIeHotplug PME AER]
[    0.216003] acpi PNP0A03:00: _OSC failed (AE_SUPPORT); disabling ASPM
[    0.217301] PCI host bridge to bus 0000:00
[    0.217969] pci_bus 0000:00: root bus resource [io  0x0000-0x0cf7 window]
[    0.218923] pci_bus 0000:00: root bus resource [io  0x0d00-0xffff window]
[    0.220003] pci_bus 0000:00: root bus resource [mem 0x000a0000-0x000bffff window]
[    0.221125] pci_bus 0000:00: root bus resource [mem 0x80000000-0xfdffffff window]
[    0.222343] pci_bus 0000:00: root bus resource [bus 00-ff]
[    0.225324] pci 0000:00:01.1: legacy IDE quirk: reg 0x10: [io  0x01f0-0x01f7]
[    0.226441] pci 0000:00:01.1: legacy IDE quirk: reg 0x14: [io  0x03f6]
[    0.227488] pci 0000:00:01.1: legacy IDE quirk: reg 0x18: [io  0x0170-0x0177]
[    0.228003] pci 0000:00:01.1: legacy IDE quirk: reg 0x1c: [io  0x0376]
[    0.264920] pci 0000:00:07.0: quirk: [io  0x4000-0x403f] claimed by PIIX4 ACPI
[    0.266625] pci 0000:00:07.0: quirk: [io  0x4100-0x410f] claimed by PIIX4 SMB
[    0.290989] ACPI: PCI Interrupt Link [LNKA] (IRQs 5 9 10 *11)
[    0.292611] ACPI: PCI Interrupt Link [LNKB] (IRQs 5 9 *10 11)
[    0.294421] ACPI: PCI Interrupt Link [LNKC] (IRQs 5 *9 10 11)
[    0.296128] ACPI: PCI Interrupt Link [LNKD] (IRQs 5 9 10 *11)
[    0.297725] SCSI subsystem initialized
[    0.298524] pci 0000:00:02.0: vgaarb: setting as boot VGA device
[    0.298524] pci 0000:00:02.0: vgaarb: VGA device added: decodes=io+mem,owns=io+mem,locks=none
[    0.300015] pci 0000:00:02.0: vgaarb: bridge control possible
[    0.301169] vgaarb: loaded
[    0.301813] ACPI: bus type USB registered
[    0.304025] usbcore: registered new interface driver usbfs
[    0.305170] usbcore: registered new interface driver hub
[    0.306255] usbcore: registered new device driver usb
[    0.307267] EDAC MC: Ver: 3.0.0
[    0.308205] PCI: Using ACPI for IRQ routing
[    0.309218] NetLabel: Initializing
[    0.309873] NetLabel:  domain hash size = 128
[    0.310716] NetLabel:  protocols = UNLABELED CIPSOv4 CALIPSO
[    0.312025] NetLabel:  unlabeled traffic allowed by default
[    0.313104] clocksource: Switched to clocksource kvm-clock
[    0.320128] VFS: Disk quotas dquot_6.6.0
[    0.320128] VFS: Dquot-cache hash table entries: 512 (order 0, 4096 bytes)
[    0.320128] AppArmor: AppArmor Filesystem Enabled
[    0.320128] pnp: PnP ACPI init
[    0.320128] pnp: PnP ACPI: found 3 devices
[    0.346877] clocksource: acpi_pm: mask: 0xffffff max_cycles: 0xffffff, max_idle_ns: 2085701024 ns
[    0.348093] NET: Registered protocol family 2
[    0.349937] TCP established hash table entries: 16384 (order: 5, 131072 bytes)
[    0.351404] TCP bind hash table entries: 16384 (order: 6, 262144 bytes)
[    0.352711] TCP: Hash tables configured (established 16384 bind 16384)
[    0.354878] UDP hash table entries: 1024 (order: 3, 32768 bytes)
[    0.355970] UDP-Lite hash table entries: 1024 (order: 3, 32768 bytes)
[    0.356644] NET: Registered protocol family 1
[    0.356644] pci 0000:00:00.0: Limiting direct PCI/PCI transfers
[    0.356644] pci 0000:00:01.0: Activating ISA DMA hang workarounds
[    0.356644] pci 0000:00:02.0: Video device with shadowed ROM at [mem 0x000c0000-0x000dffff]
[    0.356644] Unpacking initramfs...
[    0.661228] Freeing initrd memory: 19512K
[    0.662569] clocksource: tsc: mask: 0xffffffffffffffff max_cycles: 0x3a0bb6d9f36, max_idle_ns: 440795354204 ns
[    0.664491] platform rtc_cmos: registered platform RTC device (no PNP device found)
[    0.664684] Scanning for low memory corruption every 60 seconds
[    0.667606] Initialise system trusted keyrings
[    0.668415] Key type blacklist registered
[    0.669202] workingset: timestamp_bits=36 max_order=19 bucket_order=0
[    0.671558] zbud: loaded
[    0.674095] squashfs: version 4.0 (2009/01/31) Phillip Lougher
[    0.675376] fuse init (API version 7.26)
[    0.681808] Key type asymmetric registered
[    0.683119] Asymmetric key parser 'x509' registered
[    0.684792] Block layer SCSI generic (bsg) driver version 0.4 loaded (major 246)
[    0.687154] io scheduler noop registered
[    0.688420] io scheduler deadline registered
[    0.689645] io scheduler cfq registered (default)
[    0.690733] ACPI: AC Adapter [AC] (on-line)
[    0.691475] input: Power Button as /devices/LNXSYSTM:00/LNXPWRBN:00/input/input0
[    0.692700] ACPI: Power Button [PWRF]
[    0.693402] input: Sleep Button as /devices/LNXSYSTM:00/LNXSLPBN:00/input/input1
[    0.694660] ACPI: Sleep Button [SLPF]
[    0.695923] Serial: 8250/16550 driver, 32 ports, IRQ sharing enabled
[    0.719034] 00:02: ttyS0 at I/O 0x3f8 (irq = 4, base_baud = 115200) is a 16550A
[    0.724125] Linux agpgart interface v0.103
[    0.726988] loop: module loaded
[    0.728239] scsi host0: ata_piix
[    0.729627] scsi host1: ata_piix
[    0.730256] ata1: PATA max UDMA/33 cmd 0x1f0 ctl 0x3f6 bmdma 0xd000 irq 14
[    0.731515] ata2: PATA max UDMA/33 cmd 0x170 ctl 0x376 bmdma 0xd008 irq 15
[    0.733159] libphy: Fixed MDIO Bus: probed
[    0.734000] tun: Universal TUN/TAP device driver, 1.6
[    0.735074] PPP generic driver version 2.4.2
[    0.736025] ehci_hcd: USB 2.0 'Enhanced' Host Controller (EHCI) Driver
[    0.737258] ehci-pci: EHCI PCI platform driver
[    0.738169] ehci-platform: EHCI generic platform driver
[    0.739202] ohci_hcd: USB 1.1 'Open' Host Controller (OHCI) Driver
[    0.740341] ohci-pci: OHCI PCI platform driver
[    0.741132] ohci-platform: OHCI generic platform driver
[    0.742031] uhci_hcd: USB Universal Host Controller Interface driver
[    0.743143] i8042: PNP: PS/2 Controller [PNP0303:PS2K,PNP0f03:PS2M] at 0x60,0x64 irq 1,12
[    0.745042] serio: i8042 KBD port at 0x60,0x64 irq 1
[    0.745944] serio: i8042 AUX port at 0x60,0x64 irq 12
[    0.746978] mousedev: PS/2 mouse device common for all mice
[    0.748553] rtc_cmos rtc_cmos: rtc core: registered rtc_cmos as rtc0
[    0.749663] input: AT Translated Set 2 keyboard as /devices/platform/i8042/serio0/input/input2
[    0.751264] rtc_cmos rtc_cmos: alarms up to one day, 114 bytes nvram
[    0.752353] i2c /dev entries driver
[    0.753036] device-mapper: uevent: version 1.0.3
[    0.753947] device-mapper: ioctl: 4.37.0-ioctl (2017-09-20) initialised: dm-devel@redhat.com
[    0.755399] ledtrig-cpu: registered to indicate activity on CPUs
[    0.756886] x86/pm: family 0x15 cpu detected, MSR saving is needed during suspending.
[    0.759571] NET: Registered protocol family 10
[    0.766342] Segment Routing with IPv6
[    0.767529] NET: Registered protocol family 17
[    0.769014] Key type dns_resolver registered
[    0.770844] mce: Using 0 MCE banks
[    0.772063] RAS: Correctable Errors collector initialized.
[    0.773688] sched_clock: Marking stable (773652371, 0)->(1002199193, -228546822)
[    0.775731] registered taskstats version 1
[    0.776652] Loading compiled-in X.509 certificates
[    0.781101] Loaded X.509 cert 'Build time autogenerated kernel key: de118354fe72448b469776565e76ac30c08e8db2'
[    0.784022] Loaded X.509 cert 'Canonical Ltd. Live Patch Signing: 14df34d1a87cf37625abec039ef2bf521249b969'
[    0.786903] Loaded X.509 cert 'Canonical Ltd. Kernel Module Signing: 88f752e560a1e0737e31163a466ad7b70a850c19'
[    0.788864] zswap: loaded using pool lzo/zbud
[    0.794549] Key type big_key registered
[    0.795243] Key type trusted registered
[    0.798570] Key type encrypted registered
[    0.799604] AppArmor: AppArmor sha1 policy hashing enabled
[    0.800992] ima: No TPM chip found, activating TPM-bypass! (rc=-19)
[    0.802444] ima: Allocated hash algorithm: sha1
[    0.803577] evm: HMAC attrs: 0x1
[    0.804947]   Magic number: 9:341:678
[    0.806103] rtc_cmos rtc_cmos: setting system clock to 2021-06-02 10:39:14 UTC (1622630354)
[    0.808145] BIOS EDD facility v0.16 2004-Jun-25, 0 devices found
[    0.811403] EDD information not available.
[    0.922941] Freeing unused kernel image memory: 2444K
[    0.936158] Write protecting the kernel read-only data: 20480k
[    0.939894] Freeing unused kernel image memory: 2008K
[    0.942462] Freeing unused kernel image memory: 1828K
[    0.953914] x86/mm: Checked W+X mappings: passed, no W+X pages found.
Loading, please wait...
starting version 237
[    1.045593] e1000: Intel(R) PRO/1000 Network Driver - version 7.3.21-k8-NAPI
[    1.046871] e1000: Copyright (c) 1999-2006 Intel Corporation.
[    1.048023] Fusion MPT base driver 3.04.20
[    1.050040] Copyright (c) 1999-2008 LSI Corporation
[    1.058976] Fusion MPT SPI Host driver 3.04.20
[    1.070997] AVX version of gcm_enc/dec engaged.
[    1.071910] AES CTR mode by8 optimization enabled
[    1.264849] input: ImExPS/2 Generic Explorer Mouse as /devices/platform/i8042/serio1/input/input4
[    1.538142] e1000 0000:00:03.0 eth0: (PCI:33MHz:32-bit) 02:c3:ac:bf:e0:17
[    1.539254] e1000 0000:00:03.0 eth0: Intel(R) PRO/1000 Network Connection
[    1.900639] e1000 0000:00:08.0 eth1: (PCI:33MHz:32-bit) 08:00:27:ba:d4:16
[    1.901886] e1000 0000:00:08.0 eth1: Intel(R) PRO/1000 Network Connection
[    1.904161] e1000 0000:00:08.0 enp0s8: renamed from eth1
[    1.905824] mptbase: ioc0: Initiating bringup
[    1.941821] e1000 0000:00:03.0 enp0s3: renamed from eth0
[    2.004659] ioc0: LSI53C1030 A0: Capabilities={Initiator}
[    3.727886] scsi host2: ioc0: LSI53C1030 A0, FwRev=00000000h, Ports=1, MaxQ=256, IRQ=20
[    3.901313] scsi 2:0:0:0: Direct-Access     VBOX     HARDDISK         1.0  PQ: 0 ANSI: 5
[    3.936318] scsi target2:0:0: Beginning Domain Validation
[    3.941958] scsi target2:0:0: Domain Validation skipping write tests
[    3.943546] scsi target2:0:0: Ending Domain Validation
[    3.944959] scsi target2:0:0: asynchronous
[    3.946771] scsi 2:0:1:0: Direct-Access     VBOX     HARDDISK         1.0  PQ: 0 ANSI: 5
[    3.980289] scsi target2:0:1: Beginning Domain Validation
[    3.985367] random: fast init done
[    3.986589] scsi target2:0:1: Domain Validation skipping write tests
[    3.988437] scsi target2:0:1: Ending Domain Validation
[    3.989958] scsi target2:0:1: asynchronous
[    3.996341] random: systemd-udevd: uninitialized urandom read (16 bytes read)
[    3.996773] sd 2:0:0:0: [sda] 83886080 512-byte logical blocks: (42.9 GB/40.0 GiB)
[    3.998140] random: systemd-udevd: uninitialized urandom read (16 bytes read)
[    4.000027] sd 2:0:0:0: [sda] Write Protect is off
[    4.001753] random: systemd-udevd: uninitialized urandom read (16 bytes read)
[    4.004538] sd 2:0:0:0: Attached scsi generic sg0 type 0
[    4.005598] sd 2:0:0:0: [sda] Incomplete mode parameter data
[    4.006450] sd 2:0:0:0: [sda] Assuming drive cache: write through
[    4.007565] sd 2:0:1:0: Attached scsi generic sg1 type 0
[    4.008991] sd 2:0:1:0: [sdb] 20480 512-byte logical blocks: (10.5 MB/10.0 MiB)
[    4.010518] sd 2:0:1:0: [sdb] Write Protect is off
[    4.011619] sd 2:0:1:0: [sdb] Incomplete mode parameter data
[    4.012790] sd 2:0:1:0: [sdb] Assuming drive cache: write through
[    4.029176]  sda: sda1
[    4.032757] sd 2:0:0:0: [sda] Attached SCSI disk
[    4.057002] sd 2:0:1:0: [sdb] Attached SCSI disk
Begin: Loading essential drivers ... [    5.660170] raid6: sse2x1   gen()  5489 MB/s
[    5.708223] raid6: sse2x1   xor()  4291 MB/s
[    5.756199] raid6: sse2x2   gen()  8922 MB/s
[    5.804199] raid6: sse2x2   xor()  7029 MB/s
[    5.852224] raid6: sse2x4   gen() 11009 MB/s
[    5.900169] raid6: sse2x4   xor()  5311 MB/s
[    5.900979] raid6: using algorithm sse2x4 gen() 11009 MB/s
[    5.901930] raid6: .... xor() 5311 MB/s, rmw enabled
[    5.902762] raid6: using ssse3x2 recovery algorithm
[    5.905979] xor: automatically using best checksumming function   avx       
[    5.910640] async_tx: api initialized (async)
done.
Begin: Running /scripts/init-premount ... done.
Begin: Mounting root file system ... Begin: Running /scripts/local-top ... done.
Begin: Running /scripts/local-premount ... [    5.980334] Btrfs loaded, crc32c=crc32c-intel
Scanning for Btrfs filesystems
done.
Warning: fsck not present, so skipping root file system
[    6.040307] EXT4-fs (sda1): mounted filesystem with ordered data mode. Opts: (null)
done.
Begin: Running /scripts/local-bottom ... done.
Begin: Running /scripts/init-bottom ... done.
[    7.205402] ip_tables: (C) 2000-2006 Netfilter Core Team
[    7.260183] systemd[1]: systemd 237 running in system mode. (+PAM +AUDIT +SELINUX +IMA +APPARMOR +SMACK +SYSVINIT +UTMP +LIBCRYPTSETUP +GCRYPT +GNUTLS +ACL +XZ +LZ4 +SECCOMP +BLKID +ELFUTILS +KMOD -IDN2 +IDN -PCRE2 default-hierarchy=hybrid)
[    7.267543] systemd[1]: Detected virtualization oracle.
[    7.269419] systemd[1]: Detected architecture x86-64.

Welcome to [1mUbuntu 18.04.5 LTS[0m!

[    7.287830] systemd[1]: Set hostname to <ubuntu>.
[    7.303063] systemd[1]: Initializing machine ID from random generator.
[    7.305692] systemd[1]: Installed transient /etc/machine-id file.
[    8.618637] random: crng init done
[    8.620147] random: 7 urandom warning(s) missed due to ratelimiting
[    8.689144] systemd[1]: Started Forward Password Requests to Wall Directory Watch.
[[0;32m  OK  [0m] Started Forward Password Requests to Wall Directory Watch.
[    8.692301] systemd[1]: Set up automount Arbitrary Executable File Formats File System Automount Point.
[[0;32m  OK  [0m] Set up automount Arbitrary Executab…rmats File System Automount Point.
[    8.694898] systemd[1]: Reached target System Time Synchronized.
[[0;32m  OK  [0m] Reached target System Time Synchronized.
[    8.698707] systemd[1]: Created slice System Slice.
[[0;32m  OK  [0m] Created slice System Slice.
[[0;32m  OK  [0m] Listening on LVM2 metadata daemon socket.
[[0;32m  OK  [0m] Listening on udev Control Socket.
[[0;32m  OK  [0m] Listening on /dev/initctl Compatibility Named Pipe.
[[0;32m  OK  [0m] Listening on udev Kernel Socket.
[[0;32m  OK  [0m] Listening on Journal Audit Socket.
[[0;32m  OK  [0m] Listening on Journal Socket.
[[0;32m  OK  [0m] Listening on Network Service Netlink Socket.
         Starting Uncomplicated firewall...
[[0;32m  OK  [0m] Listening on Journal Socket (/dev/log).
[[0;32m  OK  [0m] Listening on Device-mapper event daemon FIFOs.
         Starting Monitoring of LVM2 mirrors…ng dmeventd or progress polling...
[[0;32m  OK  [0m] Listening on fsck to fsckd communication Socket.
         Starting File System Check on Root Device...
         Starting Create list of required st…ce nodes for the current kernel...
[[0;32m  OK  [0m] Created slice system-serial\x2dgetty.slice.
[[0;32m  OK  [0m] Listening on Syslog Socket.
[[0;32m  OK  [0m] Created slice User and Session Slice.
[[0;32m  OK  [0m] Reached target Slices.
         Starting Set the console keyboard layout...
[[0;32m  OK  [0m] Reached target User and Group Name Lookups.
         Starting udev Coldplug all Devices...
         Starting Load Kernel Modules...
[[0;32m  OK  [0m] Listening on LVM2 poll daemon socket.
         Mounting POSIX Message Queue File System...
         Starting Journal Service...
[[0;32m  OK  [0m] Reached target Swap.
         Mounting Huge Pages File System...
         Mounting Kernel Debug File System...
[[0;32m  OK  [0m] Started Uncomplicated firewall.
[[0;32m  OK  [0m] Started Create list of required sta…vice nodes for the current kernel.
[[0;32m  OK  [0m] Started File System Check Daemon to report status.
[[0;32m  OK  [0m] Started LVM2 metadata daemon.
         Starting Create Static Device Nodes in /dev...
[    8.968030] Loading iSCSI transport class v2.0-870.
[[0;32m  OK  [0m] Mounted POSIX Message Queue File System.
[[0;32m  OK  [0m] Mounted Kernel Debug File System.
[[0;32m  OK  [0m] Mounted Huge Pages File System.
[[0;32m  OK  [0m] Started udev Coldplug all Devices.
[[0;32m  OK  [0m] Started File System Check on Root Device.
         Starting Remount Root and Kernel File Systems...
[[0;32m  OK  [0m] Started Journal Service.
[    9.159362] iscsi: registered transport (tcp)
[    9.309247] EXT4-fs (sda1): re-mounted. Opts: (null)
[[0;32m  OK  [0m] Started Remount Root and Kernel File Systems.
[    9.342195] iscsi: registered transport (iser)
         Starting Load/Save Random Seed...
         Starting Flush Journal to Persistent Storage...
[[0;32m  OK  [0m] Started Monitoring of LVM2 mirrors,…sing dmeventd or progress polling.
[[0;32m  OK  [0m] Started Load Kernel Modules.
         Mounting FUSE Control File System...
         Starting Apply Kernel Variables...
         Mounting Kernel Configuration File System...
[[0;32m  OK  [0m] Mounted Kernel Configuration File System.
[[0;32m  OK  [0m] Mounted FUSE Control File System.
[[0;32m  OK  [0m] Started Create Static Device Nodes in /dev.
         Starting udev Kernel Device Manager...
[[0;32m  OK  [0m] Started Load/Save Random Seed.
[    9.438721] systemd-journald[404]: Received request to flush runtime journal from PID 1
[[0;32m  OK  [0m] Started Set the console keyboard layout.
[[0;32m  OK  [0m] Reached target Local File Systems (Pre).
[[0;32m  OK  [0m] Reached target Local File Systems.
         Starting AppArmor initialization...
         Starting Tell Plymouth To Write Out Runtime Data...
         Starting Set console font and keymap...
         Starting ebtables ruleset management...
         Starting Commit a transient machine-id on disk...
[[0;32m  OK  [0m] Started Apply Kernel Variables.
[[0;32m  OK  [0m] Started Flush Journal to Persistent Storage.
         Starting Create Volatile Files and Directories...
[[0;32m  OK  [0m] Started udev Kernel Device Manager.
[[0;32m  OK  [0m] Started Dispatch Password Requests to Console Directory Watch.
[[0;32m  OK  [0m] Reached target Local Encrypted Volumes.
[[0;32m  OK  [0m] Started Tell Plymouth To Write Out Runtime Data.
[[0;32m  OK  [0m] Started Set console font and keymap.
[[0;32m  OK  [0m] Started Commit a transient machine-id on disk.
[[0;32m  OK  [0m] Started Create Volatile Files and Directories.
         Starting Update UTMP about System Boot/Shutdown...
[[0;32m  OK  [0m] Started Update UTMP about System Boot/Shutdown.
[[0;32m  OK  [0m] Started ebtables ruleset management.
[[0;32m  OK  [0m] Found device /dev/ttyS0.
[[0;32m  OK  [0m] Listening on Load/Save RF Kill Switch Status /dev/rfkill Watch.
[[0;32m  OK  [0m] Started AppArmor initialization.
         Starting Initial cloud-init job (pre-networking)...
         Starting Load AppArmor profiles managed internally by snapd...
[[0;32m  OK  [0m] Started Load AppArmor profiles managed internally by snapd.
[   14.325113] cloud-init[563]: Cloud-init v. 21.1-19-gbad84ad4-0ubuntu1~18.04.2 running 'init-local' at Wed, 02 Jun 2021 10:39:27 +0000. Up 13.72 seconds.
[[0;32m  OK  [0m] Started Initial cloud-init job (pre-networking).
[[0;32m  OK  [0m] Reached target Network (Pre).
         Starting Network Service...
[[0;32m  OK  [0m] Started Network Service.
         Starting Wait for Network to be Configured...
         Starting Network Name Resolution...
[[0;32m  OK  [0m] Started Network Name Resolution.
[[0;32m  OK  [0m] Reached target Network.
[[0;32m  OK  [0m] Reached target Host and Network Name Lookups.
[[0;32m  OK  [0m] Started Wait for Network to be Configured.
         Starting Initial cloud-init job (metadata service crawler)...
[   16.256777] cloud-init[693]: Cloud-init v. 21.1-19-gbad84ad4-0ubuntu1~18.04.2 running 'init' at Wed, 02 Jun 2021 10:39:29 +0000. Up 16.02 seconds.
[   16.257809] cloud-init[693]: ci-info: ++++++++++++++++++++++++++++++++++++++Net device info+++++++++++++++++++++++++++++++++++++++
[   16.268368] cloud-init[693]: ci-info: +--------+-------+----------------------------+---------------+--------+-------------------+
[   16.280361] cloud-init[693]: ci-info: | Device |   Up  |          Address           |      Mask     | Scope  |     Hw-Address    |
[   16.282227] cloud-init[693]: ci-info: +--------+-------+----------------------------+---------------+--------+-------------------+
[   16.284164] cloud-init[693]: ci-info: | enp0s3 |  True |         10.0.2.15          | 255.255.255.0 | global | 02:c3:ac:bf:e0:17 |
[   16.286244] cloud-init[693]: ci-info: | enp0s3 |  True | fe80::c3:acff:febf:e017/64 |       .       |  link  | 02:c3:ac:bf:e0:17 |
[   16.288356] cloud-init[693]: ci-info: | enp0s8 | False |             .              |       .       |   .    | 08:00:27:ba:d4:16 |
[   16.290134] cloud-init[693]: ci-info: |   lo   |  True |         127.0.0.1          |   255.0.0.0   |  host  |         .         |
[   16.291113] cloud-init[693]: ci-info: |   lo   |  True |          ::1/128           |       .       |  host  |         .         |
[   16.300471] cloud-init[693]: ci-info: +--------+-------+----------------------------+---------------+--------+-------------------+
[   16.301640] cloud-init[693]: ci-info: ++++++++++++++++++++++++++++Route IPv4 info+++++++++++++++++++++++++++++
[   16.302524] cloud-init[693]: ci-info: +-------+-------------+----------+-----------------+-----------+-------+
[   16.312371] cloud-init[693]: ci-info: | Route | Destination | Gateway  |     Genmask     | Interface | Flags |
[   16.313391] cloud-init[693]: ci-info: +-------+-------------+----------+-----------------+-----------+-------+
[   16.314486] cloud-init[693]: ci-info: |   0   |   0.0.0.0   | 10.0.2.2 |     0.0.0.0     |   enp0s3  |   UG  |
[   16.315514] cloud-init[693]: ci-info: |   1   |   10.0.2.0  | 0.0.0.0  |  255.255.255.0  |   enp0s3  |   U   |
[   16.316589] cloud-init[693]: ci-info: |   2   |   10.0.2.2  | 0.0.0.0  | 255.255.255.255 |   enp0s3  |   UH  |
[   16.317692] cloud-init[693]: ci-info: +-------+-------------+----------+-----------------+-----------+-------+
[   16.318729] cloud-init[693]: ci-info: +++++++++++++++++++Route IPv6 info+++++++++++++++++++
[   16.319438] cloud-init[693]: ci-info: +-------+-------------+---------+-----------+-------+
[   16.320385] cloud-init[693]: ci-info: | Route | Destination | Gateway | Interface | Flags |
[   16.321230] cloud-init[693]: ci-info: +-------+-------------+---------+-----------+-------+
[   16.322149] cloud-init[693]: ci-info: |   1   |  fe80::/64  |    ::   |   enp0s3  |   U   |
[   16.323003] cloud-init[693]: ci-info: |   3   |    local    |    ::   |   enp0s3  |   U   |
[   16.324159] cloud-init[693]: ci-info: |   4   |   ff00::/8  |    ::   |   enp0s3  |   U   |
[   16.325203] cloud-init[693]: ci-info: +-------+-------------+---------+-----------+-------+
[   18.212798] cloud-init[693]: Generating public/private rsa key pair.
[   18.213727] cloud-init[693]: Your identification has been saved in /etc/ssh/ssh_host_rsa_key.
[   18.214734] cloud-init[693]: Your public key has been saved in /etc/ssh/ssh_host_rsa_key.pub.
[   18.215592] cloud-init[693]: The key fingerprint is:
[   18.216234] cloud-init[693]: SHA256:e89VDZOMgg/l7IW6WchUIyWsHSHXYVnuinsMi2OYiP4 root@ubuntu-bionic
[   18.217251] cloud-init[693]: The key's randomart image is:
[   18.217924] cloud-init[693]: +---[RSA 2048]----+
[   18.218507] cloud-init[693]: |      ..=+B+.    |
[   18.219021] cloud-init[693]: |       ooXo+ o . |
[   18.219738] cloud-init[693]: |       o+.= + =  |
[   18.220455] cloud-init[693]: |      .o.* +   o.|
[   18.221014] cloud-init[693]: |        S + .   o|
[   18.221548] cloud-init[693]: |        .* .   . |
[   18.222074] cloud-init[693]: | . . o .=+o   .  |
[   18.222601] cloud-init[693]: |. . o + .ooo .   |
[   18.223134] cloud-init[693]: |...E . ...  o    |
[   18.223587] cloud-init[693]: +----[SHA256]-----+
[   18.224107] cloud-init[693]: Generating public/private dsa key pair.
[   18.224782] cloud-init[693]: Your identification has been saved in /etc/ssh/ssh_host_dsa_key.
[   18.225523] cloud-init[693]: Your public key has been saved in /etc/ssh/ssh_host_dsa_key.pub.
[   18.226344] cloud-init[693]: The key fingerprint is:
[   18.226889] cloud-init[693]: SHA256:wMwVXzNwgo2sJxzU0KVFg1yHJ2FVq4khE8X+B3xBpbE root@ubuntu-bionic
[   18.227727] cloud-init[693]: The key's randomart image is:
[   18.229809] cloud-init[693]: +---[DSA 1024]----+
[   18.230361] cloud-init[693]: |     .o*+%%=Bo+..|
[   18.230860] cloud-init[693]: |     +..O*=*.o.= |
[   18.231386] cloud-init[693]: |     .=o+.o+  E. |
[   18.231885] cloud-init[693]: |      +..o.ooo.  |
[   18.232618] cloud-init[693]: |       oS ..oo   |
[   18.233144] cloud-init[693]: |            . .  |
[   18.233712] cloud-init[693]: |             .   |
[   18.234238] cloud-init[693]: |                 |
[   18.234785] cloud-init[693]: |                 |
[   18.235330] cloud-init[693]: +----[SHA256]-----+
[   18.244421] cloud-init[693]: Generating public/private ecdsa key pair.
[   18.245200] cloud-init[693]: Your identification has been saved in /etc/ssh/ssh_host_ecdsa_key.
[   18.246050] cloud-init[693]: Your public key has been saved in /etc/ssh/ssh_host_ecdsa_key.pub.
[   18.246792] cloud-init[693]: The key fingerprint is:
[   18.256419] cloud-init[693]: SHA256:4AMYA/RmvsSz+9GPjUAoRetDKJtfb/d1oiQp4p04f5w root@ubuntu-bionic
[   18.257170] cloud-init[693]: The key's randomart image is:
[   18.257840] cloud-init[693]: +---[ECDSA 256]---+
[   18.258315] cloud-init[693]: |ooo.             |
[   18.258813] cloud-init[693]: |  ++.            |
[   18.259247] cloud-init[693]: |...B. .          |
[   18.259835] cloud-init[693]: |.oO .o .         |
[   18.260372] cloud-init[693]: |o. O..o S        |
[   18.260932] cloud-init[693]: | .o.*... .       |
[   18.261546] cloud-init[693]: |  .o.o+o+.. o .  |
[   18.262053] cloud-init[693]: |   .o=o+E+ o o   |
[   18.262557] cloud-init[693]: |   .++++ oo      |
[   18.263054] cloud-init[693]: +----[SHA256]-----+
[   18.263557] cloud-init[693]: Generating public/private ed25519 key pair.
[   18.264201] cloud-init[693]: Your identification has been saved in /etc/ssh/ssh_host_ed25519_key.
[   18.265024] cloud-init[693]: Your public key has been saved in /etc/ssh/ssh_host_ed25519_key.pub.
[   18.265951] cloud-init[693]: The key fingerprint is:
[   18.266455] cloud-init[693]: SHA256:A5gzAmiJUZJsD4YOyezn8jVg1KwJbmpAEFWPlbnFcGY root@ubuntu-bionic
[   18.267219] cloud-init[693]: The key's randomart image is:
[   18.267802] cloud-init[693]: +--[ED25519 256]--+
[   18.268285] cloud-init[693]: |#B+.+ o=E        |
[   18.268987] cloud-init[693]: |B# . Oo+o        |
[   18.269528] cloud-init[693]: |X * O oo         |
[   18.270242] cloud-init[693]: |.= O o..         |
[   18.270872] cloud-init[693]: |+ + .   S        |
[   18.271524] cloud-init[693]: |.o . o   .       |
[   18.272142] cloud-init[693]: |. o . .          |
[   18.272905] cloud-init[693]: |   .             |
[   18.273618] cloud-init[693]: |                 |
[   18.286646] cloud-init[693]: +----[SHA256]-----+
[[0;32m  OK  [0m] Started Initial cloud-init job (metadata service crawler).
[[0;32m  OK  [0m] Reached target System Initialization.
[[0;32m  OK  [0m] Listening on Open-iSCSI iscsid Socket.
[[0;32m  OK  [0m] Listening on D-Bus System Message Bus Socket.
[[0;32m  OK  [0m] Started Message of the Day.
[[0;32m  OK  [0m] Listening on UUID daemon activation socket.
         Starting LXD - unix socket.
[[0;32m  OK  [0m] Started ACPI Events Check.
[[0;32m  OK  [0m] Started Daily apt download activities.
[[0;32m  OK  [0m] Started Daily apt upgrade and clean activities.
[[0;32m  OK  [0m] Started Ubuntu Advantage update messaging.
[[0;32m  OK  [0m] Listening on ACPID Listen Socket.
[[0;32m  OK  [0m] Started Daily Cleanup of Temporary Directories.
[[0;32m  OK  [0m] Reached target Paths.
[[0;32m  OK  [0m] Started Discard unused blocks once a week.
[[0;32m  OK  [0m] Reached target Timers.
         Starting Socket activation for snappy daemon.
[[0;32m  OK  [0m] Reached target Cloud-config availability.
[[0;32m  OK  [0m] Reached target Network is Online.
         Starting Availability of block devices...
[[0;32m  OK  [0m] Reached target Remote File Systems (Pre).
[[0;32m  OK  [0m] Reached target Remote File Systems.
[[0;32m  OK  [0m] Listening on LXD - unix socket.
[[0;32m  OK  [0m] Listening on Socket activation for snappy daemon.
[[0;32m  OK  [0m] Reached target Sockets.
[[0;32m  OK  [0m] Reached target Basic System.
         Starting Virtualbox guest utils...
         Starting Accounts Service...
         Starting Pollinate to seed the pseudo random number generator...
         Starting Login Service...
         Starting LSB: Record successful boot for GRUB...
         Starting LSB: automatic crash report generation...
         Starting Snap Daemon...
         Starting Permit User Sessions...
[[0;32m  OK  [0m] Started irqbalance daemon.
[[0;32m  OK  [0m] Started Deferred execution scheduler.
[[0;32m  OK  [0m] Started FUSE filesystem for LXC.
         Starting Dispatcher daemon for systemd-networkd...
[[0;32m  OK  [0m] Started D-Bus System Message Bus.
[[0;32m  OK  [0m] Started Login Service.
[[0;32m  OK  [0m] Started Unattended Upgrades Shutdown.
         Starting System Logging Service...
[[0;32m  OK  [0m] Started Regular background program processing daemon.
         Starting LXD - container startup/shutdown...
[[0;32m  OK  [0m] Started Availability of block devices.
[[0;32m  OK  [0m] Started Permit User Sessions.
         Starting Terminate Plymouth Boot Screen...
         Starting Hold until boot process finishes up...
[[0;32m  OK  [0m] Started Hold until boot process finishes up.
         Starting Set console scheme...
[[0;32m  OK  [0m] Started Serial Getty on ttyS0.
[[0;32m  OK  [0m] Started Terminate Plymouth Boot Screen.
[[0;32m  OK  [0m] Started Set console scheme.
[[0;32m  OK  [0m] Created slice system-getty.slice.
[[0;32m  OK  [0m] Started Getty on tty1.
[[0;32m  OK  [0m] Reached target Login Prompts.
         Starting Authorization Manager...
[[0;32m  OK  [0m] Started LSB: automatic crash report generation.
[[0;32m  OK  [0m] Started System Logging Service.
[[0;32m  OK  [0m] Started LSB: Record successful boot for GRUB.
[[0;32m  OK  [0m] Started Authorization Manager.
[[0;32m  OK  [0m] Started Accounts Service.
[[0;32m  OK  [0m] Started Virtualbox guest utils.
[[0;32m  OK  [0m] Started LXD - container startup/shutdown.
[[0;32m  OK  [0m] Started Dispatcher daemon for systemd-networkd.
[[0;32m  OK  [0m] Started Pollinate to seed the pseudo random number generator.
         Starting OpenBSD Secure Shell server...
[[0;32m  OK  [0m] Started OpenBSD Secure Shell server.
[[0;32m  OK  [0m] Started Snap Daemon.
         Starting Wait until snapd is fully seeded...
[[0;32m  OK  [0m] Created slice User Slice of vagrant.
         Starting User Manager for UID 1000...
[[0;32m  OK  [0m] Started Session 1 of user vagrant.
[[0;32m  OK  [0m] Started User Manager for UID 1000.
[[0;32m  OK  [0m] Started Wait until snapd is fully seeded.
         Starting Apply the settings specified in cloud-config...
[[0;32m  OK  [0m] Reached target Multi-User System.
[[0;32m  OK  [0m] Reached target Graphical Interface.
         Starting Update UTMP about System Runlevel Changes...
[[0;32m  OK  [0m] Started Update UTMP about System Runlevel Changes.

Ubuntu 18.04.5 LTS ubuntu-bionic ttyS0

ubuntu-bionic login: [   26.467347] cloud-init[1335]: Cloud-init v. 21.1-19-gbad84ad4-0ubuntu1~18.04.2 running 'modules:config' at Wed, 02 Jun 2021 10:39:37 +0000. Up 24.20 seconds.
ci-info: no authorized SSH keys fingerprints found for user ubuntu.
<14>Jun  2 10:39:40 ec2: 
<14>Jun  2 10:39:40 ec2: #############################################################
<14>Jun  2 10:39:40 ec2: -----BEGIN SSH HOST KEY FINGERPRINTS-----
<14>Jun  2 10:39:40 ec2: 1024 SHA256:wMwVXzNwgo2sJxzU0KVFg1yHJ2FVq4khE8X+B3xBpbE root@ubuntu-bionic (DSA)
<14>Jun  2 10:39:40 ec2: 256 SHA256:4AMYA/RmvsSz+9GPjUAoRetDKJtfb/d1oiQp4p04f5w root@ubuntu-bionic (ECDSA)
<14>Jun  2 10:39:40 ec2: 256 SHA256:A5gzAmiJUZJsD4YOyezn8jVg1KwJbmpAEFWPlbnFcGY root@ubuntu-bionic (ED25519)
<14>Jun  2 10:39:40 ec2: 2048 SHA256:e89VDZOMgg/l7IW6WchUIyWsHSHXYVnuinsMi2OYiP4 root@ubuntu-bionic (RSA)
<14>Jun  2 10:39:40 ec2: -----END SSH HOST KEY FINGERPRINTS-----
<14>Jun  2 10:39:40 ec2: #############################################################
-----BEGIN SSH HOST KEY KEYS-----
ecdsa-sha2-nistp256 AAAAE2VjZHNhLXNoYTItbmlzdHAyNTYAAAAIbmlzdHAyNTYAAABBBHAC2CBKKZzHjxPiVQNQZNJhwbaw7dm3hrztdj8M7uEHLZtJWMtRET+bNcp3KbfmDDF6iOs9aT45ivztE4O01Pg= root@ubuntu-bionic
ssh-ed25519 AAAAC3NzaC1lZDI1NTE5AAAAIE7n2CfJDPlp4tTBjF+neq9ibe6K6Hi8RcOXcrAqrA2i root@ubuntu-bionic
ssh-rsa AAAAB3NzaC1yc2EAAAADAQABAAABAQDTw/IxCnMOzClelLWMrFt5sdPJSswM4bBO4SEC4vUYDMtdYx70aoLCJezFx8SwnboXTb699GrXAD2rYg1oZ+2cpa7AXgZEe/WoMiubrXRTF7oIvGSp7SabuQIaXp2l4KZ45gRiR0Z+Y1bvdqnqTXy6KtG9A3VWgnHgP2rKjK0oLbw9BKN+88uCZ3bob8ZVL9vcg+CrDJ0VrBRd5sfwhSJeuDpSStqnlVwCmjjNY0tQTLTYXnq0HmNx7XveHQdGp1ygXQhOrqySDlVtOEn7td+0mf8B2tcZImgAP1raaGcjkBVB8JxMmhSJNHC0cHvmeF0n90GY6Bnd0tLIIFZkJ93B root@ubuntu-bionic
-----END SSH HOST KEY KEYS-----
[   27.252193] cloud-init[1471]: Cloud-init v. 21.1-19-gbad84ad4-0ubuntu1~18.04.2 running 'modules:final' at Wed, 02 Jun 2021 10:39:40 +0000. Up 26.97 seconds.
[   27.257355] cloud-init[1471]: ci-info: no authorized SSH keys fingerprints found for user ubuntu.
[   27.258218] cloud-init[1471]: Cloud-init v. 21.1-19-gbad84ad4-0ubuntu1~18.04.2 finished at Wed, 02 Jun 2021 10:39:40 +0000. Datasource DataSourceNoCloud [seed=/dev/sdb][dsmode=net].  Up 27.24 seconds
